<?xml version="1.0" encoding="UTF-8"?>
<testng-results skipped="0" failed="0" ignored="0" total="1" passed="1">
  <reporter-output>
  </reporter-output>
  <suite name="Default suite" duration-ms="1764" started-at="2020-12-08T06:51:12Z" finished-at="2020-12-08T06:51:14Z">
    <groups>
    </groups>
    <test name="Default test" duration-ms="1764" started-at="2020-12-08T06:51:12Z" finished-at="2020-12-08T06:51:14Z">
      <class name="com.infosys.test.SeleniumDemo1.TestNGReport.GenerateExtentReport">
        <test-method status="PASS" signature="loginTest()[pri:0, instance:com.infosys.test.SeleniumDemo1.TestNGReport.GenerateExtentReport@61832929]" name="loginTest" duration-ms="1722" started-at="2020-12-08T06:51:12Z" finished-at="2020-12-08T06:51:14Z">
          <reporter-output>
          </reporter-output>
        </test-method> <!-- loginTest -->
      </class> <!-- com.infosys.test.SeleniumDemo1.TestNGReport.GenerateExtentReport -->
    </test> <!-- Default test -->
  </suite> <!-- Default suite -->
</testng-results>
